"D:/WorkEtSchool/UGA/2021 Fall/CSCI6550 Artificial Intelligence/Final/CSCI6550-FP/Content/BP_NumberBox.uasset" 0
"D:/WorkEtSchool/UGA/2021 Fall/CSCI6550 Artificial Intelligence/Final/CSCI6550-FP/Content/BP_NumberBox.uexp" 1
"../../../Engine/Content/EditorBlueprintResources/StandardMacros.uasset" 2
"../../../Engine/Content/EditorBlueprintResources/StandardMacros.uexp" 3
"D:/WorkEtSchool/UGA/2021 Fall/CSCI6550 Artificial Intelligence/Final/CSCI6550-FP/Content/fonts/arial/Arial_Black.uasset" 4
"D:/WorkEtSchool/UGA/2021 Fall/CSCI6550 Artificial Intelligence/Final/CSCI6550-FP/Content/fonts/arial/Arial_Black.uexp" 5
"D:/WorkEtSchool/UGA/2021 Fall/CSCI6550 Artificial Intelligence/Final/CSCI6550-FP/Content/fonts/arial/Arial_Black.ufont" 6
"D:/WorkEtSchool/UGA/2021 Fall/CSCI6550 Artificial Intelligence/Final/CSCI6550-FP/Content/fonts/arial/FF_Arial.uasset" 7
"D:/WorkEtSchool/UGA/2021 Fall/CSCI6550 Artificial Intelligence/Final/CSCI6550-FP/Content/fonts/arial/FF_Arial.uexp" 8
"D:/WorkEtSchool/UGA/2021 Fall/CSCI6550 Artificial Intelligence/Final/CSCI6550-FP/Content/mlBrown.uasset" 9
"D:/WorkEtSchool/UGA/2021 Fall/CSCI6550 Artificial Intelligence/Final/CSCI6550-FP/Content/mlBrown.uexp" 10
"D:/WorkEtSchool/UGA/2021 Fall/CSCI6550 Artificial Intelligence/Final/CSCI6550-FP/Content/ltBrown.uasset" 11
"D:/WorkEtSchool/UGA/2021 Fall/CSCI6550 Artificial Intelligence/Final/CSCI6550-FP/Content/ltBrown.uexp" 12
"D:/WorkEtSchool/UGA/2021 Fall/CSCI6550 Artificial Intelligence/Final/CSCI6550-FP/Content/folderAlt.uasset" 13
"D:/WorkEtSchool/UGA/2021 Fall/CSCI6550 Artificial Intelligence/Final/CSCI6550-FP/Content/folderAlt.uexp" 14
"D:/WorkEtSchool/UGA/2021 Fall/CSCI6550 Artificial Intelligence/Final/CSCI6550-FP/Content/folder.uasset" 15
"D:/WorkEtSchool/UGA/2021 Fall/CSCI6550 Artificial Intelligence/Final/CSCI6550-FP/Content/folder.uexp" 16
"D:/WorkEtSchool/UGA/2021 Fall/CSCI6550 Artificial Intelligence/Final/CSCI6550-FP/Content/dkBrown.uasset" 17
"D:/WorkEtSchool/UGA/2021 Fall/CSCI6550 Artificial Intelligence/Final/CSCI6550-FP/Content/dkBrown.uexp" 18
"D:/WorkEtSchool/UGA/2021 Fall/CSCI6550 Artificial Intelligence/Final/CSCI6550-FP/Content/mdBrown.uasset" 19
"D:/WorkEtSchool/UGA/2021 Fall/CSCI6550 Artificial Intelligence/Final/CSCI6550-FP/Content/mdBrown.uexp" 20
"D:/WorkEtSchool/UGA/2021 Fall/CSCI6550 Artificial Intelligence/Final/CSCI6550-FP/Content/btBrown.uasset" 21
"D:/WorkEtSchool/UGA/2021 Fall/CSCI6550 Artificial Intelligence/Final/CSCI6550-FP/Content/btBrown.uexp" 22
"D:/WorkEtSchool/UGA/2021 Fall/CSCI6550 Artificial Intelligence/Final/CSCI6550-FP/Content/fonts/calibri/Calibri_Regular.uasset" 23
"D:/WorkEtSchool/UGA/2021 Fall/CSCI6550 Artificial Intelligence/Final/CSCI6550-FP/Content/fonts/calibri/Calibri_Regular.uexp" 24
"D:/WorkEtSchool/UGA/2021 Fall/CSCI6550 Artificial Intelligence/Final/CSCI6550-FP/Content/fonts/calibri/Calibri_Regular.ufont" 25
"D:/WorkEtSchool/UGA/2021 Fall/CSCI6550 Artificial Intelligence/Final/CSCI6550-FP/Content/fonts/calibri/Calibri_Light_Italic.uasset" 26
"D:/WorkEtSchool/UGA/2021 Fall/CSCI6550 Artificial Intelligence/Final/CSCI6550-FP/Content/fonts/calibri/Calibri_Light_Italic.uexp" 27
"D:/WorkEtSchool/UGA/2021 Fall/CSCI6550 Artificial Intelligence/Final/CSCI6550-FP/Content/fonts/calibri/Calibri_Light_Italic.ufont" 28
"D:/WorkEtSchool/UGA/2021 Fall/CSCI6550 Artificial Intelligence/Final/CSCI6550-FP/Content/fonts/calibri/Calibri_Light.uasset" 29
"D:/WorkEtSchool/UGA/2021 Fall/CSCI6550 Artificial Intelligence/Final/CSCI6550-FP/Content/fonts/calibri/Calibri_Light.uexp" 30
"D:/WorkEtSchool/UGA/2021 Fall/CSCI6550 Artificial Intelligence/Final/CSCI6550-FP/Content/fonts/calibri/Calibri_Light.ufont" 31
"D:/WorkEtSchool/UGA/2021 Fall/CSCI6550 Artificial Intelligence/Final/CSCI6550-FP/Content/fonts/calibri/Calibri_Italic.uasset" 32
"D:/WorkEtSchool/UGA/2021 Fall/CSCI6550 Artificial Intelligence/Final/CSCI6550-FP/Content/fonts/calibri/Calibri_Italic.uexp" 33
"D:/WorkEtSchool/UGA/2021 Fall/CSCI6550 Artificial Intelligence/Final/CSCI6550-FP/Content/fonts/calibri/Calibri_Italic.ufont" 34
"D:/WorkEtSchool/UGA/2021 Fall/CSCI6550 Artificial Intelligence/Final/CSCI6550-FP/Content/fonts/calibri/Calibri_Bold_Italic.uasset" 35
"D:/WorkEtSchool/UGA/2021 Fall/CSCI6550 Artificial Intelligence/Final/CSCI6550-FP/Content/fonts/calibri/Calibri_Bold_Italic.uexp" 36
"D:/WorkEtSchool/UGA/2021 Fall/CSCI6550 Artificial Intelligence/Final/CSCI6550-FP/Content/fonts/calibri/Calibri_Bold_Italic.ufont" 37
"D:/WorkEtSchool/UGA/2021 Fall/CSCI6550 Artificial Intelligence/Final/CSCI6550-FP/Content/fonts/calibri/Calibri_Bold.uasset" 38
"D:/WorkEtSchool/UGA/2021 Fall/CSCI6550 Artificial Intelligence/Final/CSCI6550-FP/Content/fonts/calibri/Calibri_Bold.uexp" 39
"D:/WorkEtSchool/UGA/2021 Fall/CSCI6550 Artificial Intelligence/Final/CSCI6550-FP/Content/fonts/calibri/Calibri_Bold.ufont" 40
"D:/WorkEtSchool/UGA/2021 Fall/CSCI6550 Artificial Intelligence/Final/CSCI6550-FP/Content/fonts/calibri/FF_Calibri.uasset" 41
"D:/WorkEtSchool/UGA/2021 Fall/CSCI6550 Artificial Intelligence/Final/CSCI6550-FP/Content/fonts/calibri/FF_Calibri.uexp" 42
"D:/WorkEtSchool/UGA/2021 Fall/CSCI6550 Artificial Intelligence/Final/CSCI6550-FP/Content/BP_TR.uasset" 43
"D:/WorkEtSchool/UGA/2021 Fall/CSCI6550 Artificial Intelligence/Final/CSCI6550-FP/Content/BP_TR.uexp" 44
"D:/WorkEtSchool/UGA/2021 Fall/CSCI6550 Artificial Intelligence/Final/CSCI6550-FP/Content/BP_TB.uasset" 45
"D:/WorkEtSchool/UGA/2021 Fall/CSCI6550 Artificial Intelligence/Final/CSCI6550-FP/Content/BP_TB.uexp" 46
"D:/WorkEtSchool/UGA/2021 Fall/CSCI6550 Artificial Intelligence/Final/CSCI6550-FP/Content/BP_DisplayMain.uasset" 47
"D:/WorkEtSchool/UGA/2021 Fall/CSCI6550 Artificial Intelligence/Final/CSCI6550-FP/Content/BP_DisplayMain.uexp" 48
"D:/WorkEtSchool/UGA/2021 Fall/CSCI6550 Artificial Intelligence/Final/CSCI6550-FP/Content/wtBrown.uasset" 49
"D:/WorkEtSchool/UGA/2021 Fall/CSCI6550 Artificial Intelligence/Final/CSCI6550-FP/Content/wtBrown.uexp" 50
"../../../Engine/Content/EngineMaterials/T_Default_Material_Grid_N.uasset" 51
"../../../Engine/Content/EngineMaterials/T_Default_Material_Grid_N.uexp" 52
"../../../Engine/Content/EngineMaterials/T_Default_Material_Grid_N.ubulk" 53
"../../../Engine/Content/EngineMaterials/T_Default_Material_Grid_M.uasset" 54
"../../../Engine/Content/EngineMaterials/T_Default_Material_Grid_M.uexp" 55
"../../../Engine/Content/EngineMaterials/T_Default_Material_Grid_M.ubulk" 56
"../../../Engine/Content/Functions/Engine_MaterialFunctions01/Opacity/CameraDepthFade.uasset" 57
"../../../Engine/Content/Functions/Engine_MaterialFunctions01/Opacity/CameraDepthFade.uexp" 58
"../../../Engine/Content/EngineMaterials/WorldGridMaterial.uasset" 59
"../../../Engine/Content/EngineMaterials/WorldGridMaterial.uexp" 60
"../../../Engine/Content/ArtTools/RenderToTexture/Meshes/S_1_Unit_Plane.uasset" 61
"../../../Engine/Content/ArtTools/RenderToTexture/Meshes/S_1_Unit_Plane.uexp" 62
"../../../Engine/Content/EngineMaterials/DefaultMaterial.uasset" 63
"../../../Engine/Content/EngineMaterials/DefaultMaterial.uexp" 64
"../../../Engine/Content/BasicShapes/Cone.uasset" 65
"../../../Engine/Content/BasicShapes/Cone.uexp" 66
"../../../Engine/Content/BasicShapes/Cube.uasset" 67
"../../../Engine/Content/BasicShapes/Cube.uexp" 68
"../../../Engine/Content/BasicShapes/Plane.uasset" 69
"../../../Engine/Content/BasicShapes/Plane.uexp" 70
"../../../Engine/Content/BasicShapes/Sphere.uasset" 71
"../../../Engine/Content/BasicShapes/Sphere.uexp" 72
"../../../Engine/Content/EditorLandscapeResources/DataLayer.uasset" 73
"../../../Engine/Content/EditorLandscapeResources/DataLayer.uexp" 74
"../../../Engine/Content/EditorLandscapeResources/DefaultAlphaTexture.uasset" 75
"../../../Engine/Content/EditorLandscapeResources/DefaultAlphaTexture.uexp" 76
"../../../Engine/Content/EditorMaterials/MAT_Groups_Toggle.uasset" 77
"../../../Engine/Content/EditorMaterials/MAT_Groups_Toggle.uexp" 78
"../../../Engine/Content/EditorMaterials/MAT_Groups_Visibility.uasset" 79
"../../../Engine/Content/EditorMaterials/MAT_Groups_Visibility.uexp" 80
"../../../Engine/Content/EditorMaterials/PreviewShadowIndicator.uasset" 81
"../../../Engine/Content/EditorMaterials/PreviewShadowIndicator.uexp" 82
"../../../Engine/Content/EditorMaterials/PreviewShadowIndicator.ubulk" 83
"../../../Engine/Content/EditorMaterials/PreviewShadowIndicatorMaterial.uasset" 84
"../../../Engine/Content/EditorMaterials/PreviewShadowIndicatorMaterial.uexp" 85
"../../../Engine/Content/EditorMaterials/MatineeGroups/MAT_ColorTrack.uasset" 86
"../../../Engine/Content/EditorMaterials/MatineeGroups/MAT_ColorTrack.uexp" 87
"../../../Engine/Content/EditorMaterials/MatineeGroups/MAT_Groups_Anim.uasset" 88
"../../../Engine/Content/EditorMaterials/MatineeGroups/MAT_Groups_Anim.uexp" 89
"../../../Engine/Content/EditorMaterials/MatineeGroups/MAT_Groups_AudioMaster.uasset" 90
"../../../Engine/Content/EditorMaterials/MatineeGroups/MAT_Groups_AudioMaster.uexp" 91
"../../../Engine/Content/EditorMaterials/MatineeGroups/MAT_Groups_Director.uasset" 92
"../../../Engine/Content/EditorMaterials/MatineeGroups/MAT_Groups_Director.uexp" 93
"../../../Engine/Content/EditorMaterials/MatineeGroups/MAT_Groups_Event.uasset" 94
"../../../Engine/Content/EditorMaterials/MatineeGroups/MAT_Groups_Event.uexp" 95
"../../../Engine/Content/EditorMaterials/MatineeGroups/MAT_Groups_Fade.uasset" 96
"../../../Engine/Content/EditorMaterials/MatineeGroups/MAT_Groups_Fade.uexp" 97
"../../../Engine/Content/EditorMaterials/MatineeGroups/MAT_Groups_Float.uasset" 98
"../../../Engine/Content/EditorMaterials/MatineeGroups/MAT_Groups_Float.uexp" 99
"../../../Engine/Content/EditorMaterials/MatineeGroups/MAT_Groups_Move.uasset" 100
"../../../Engine/Content/EditorMaterials/MatineeGroups/MAT_Groups_Move.uexp" 101
"../../../Engine/Content/EditorMaterials/MatineeGroups/MAT_Groups_Slomo.uasset" 102
"../../../Engine/Content/EditorMaterials/MatineeGroups/MAT_Groups_Slomo.uexp" 103
"../../../Engine/Content/EditorMaterials/MatineeGroups/MAT_Groups_Sound.uasset" 104
"../../../Engine/Content/EditorMaterials/MatineeGroups/MAT_Groups_Sound.uexp" 105
"../../../Engine/Content/EditorMaterials/MatineeGroups/MAT_Groups_Vector.uasset" 106
"../../../Engine/Content/EditorMaterials/MatineeGroups/MAT_Groups_Vector.uexp" 107
"../../../Engine/Content/EditorMaterials/ParticleSystems/PSysThumbnail_NoImage.uasset" 108
"../../../Engine/Content/EditorMaterials/ParticleSystems/PSysThumbnail_NoImage.uexp" 109
"../../../Engine/Content/EditorMaterials/ParticleSystems/PSysThumbnail_NoImage.ubulk" 110
"../../../Engine/Content/EditorMaterials/ParticleSystems/PSysThumbnail_OOD.uasset" 111
"../../../Engine/Content/EditorMaterials/ParticleSystems/PSysThumbnail_OOD.uexp" 112
"../../../Engine/Content/EditorMaterials/ParticleSystems/PSysThumbnail_OOD.ubulk" 113
"../../../Engine/Content/EditorMaterials/Camera/CineMat.uasset" 114
"../../../Engine/Content/EditorMaterials/Camera/CineMat.uexp" 115
"../../../Engine/Content/EditorMaterials/Camera/MI_CineMat_Rig.uasset" 116
"../../../Engine/Content/EditorMaterials/Camera/MI_CineMat_Rig.uexp" 117
"../../../Engine/Content/EditorMeshes/Camera/SM_CraneRig_Arm.uasset" 118
"../../../Engine/Content/EditorMeshes/Camera/SM_CraneRig_Arm.uexp" 119
"../../../Engine/Content/EditorMeshes/Camera/SM_CraneRig_Base.uasset" 120
"../../../Engine/Content/EditorMeshes/Camera/SM_CraneRig_Base.uexp" 121
"../../../Engine/Content/EditorMeshes/Camera/SM_CraneRig_Body.uasset" 122
"../../../Engine/Content/EditorMeshes/Camera/SM_CraneRig_Body.uexp" 123
"../../../Engine/Content/EditorMeshes/Camera/SM_CraneRig_Mount.uasset" 124
"../../../Engine/Content/EditorMeshes/Camera/SM_CraneRig_Mount.uexp" 125
"../../../Engine/Content/EditorMeshes/Camera/SM_RailRig_Mount.uasset" 126
"../../../Engine/Content/EditorMeshes/Camera/SM_RailRig_Mount.uexp" 127
"../../../Engine/Content/EditorMeshes/Camera/SM_RailRig_Track.uasset" 128
"../../../Engine/Content/EditorMeshes/Camera/SM_RailRig_Track.uexp" 129
"../../../Engine/Content/EditorResources/BSPVertex.uasset" 130
"../../../Engine/Content/EditorResources/BSPVertex.uexp" 131
"../../../Engine/Content/EditorResources/S_Actor.uasset" 132
"../../../Engine/Content/EditorResources/S_Actor.uexp" 133
"../../../Engine/Content/EditorResources/S_Actor.ubulk" 134
"../../../Engine/Content/EditorResources/S_Note.uasset" 135
"../../../Engine/Content/EditorResources/S_Note.uexp" 136
"../../../Engine/Content/EditorResources/S_Note.ubulk" 137
"../../../Engine/Content/EditorResources/S_Solver.uasset" 138
"../../../Engine/Content/EditorResources/S_Solver.uexp" 139
"../../../Engine/Content/EditorResources/S_Solver.ubulk" 140
"../../../Engine/Content/EditorResources/S_Terrain.uasset" 141
"../../../Engine/Content/EditorResources/S_Terrain.uexp" 142
"../../../Engine/Content/EditorResources/S_Terrain.ubulk" 143
"../../../Engine/Content/EditorResources/S_Trigger.uasset" 144
"../../../Engine/Content/EditorResources/S_Trigger.uexp" 145
"../../../Engine/Content/EditorResources/S_Trigger.ubulk" 146
"../../../Engine/Content/EditorResources/SequenceRecorder/Countdown.uasset" 147
"../../../Engine/Content/EditorResources/SequenceRecorder/Countdown.uexp" 148
"../../../Engine/Content/EditorResources/SequenceRecorder/RecordingIndicator.uasset" 149
"../../../Engine/Content/EditorResources/SequenceRecorder/RecordingIndicator.uexp" 150
"../../../Engine/Content/EngineDamageTypes/DmgTypeBP_Environmental.uasset" 151
"../../../Engine/Content/EngineDamageTypes/DmgTypeBP_Environmental.uexp" 152
"../../../Engine/Content/EngineDebugMaterials/DebugEditorMaterial.uasset" 153
"../../../Engine/Content/EngineDebugMaterials/DebugEditorMaterial.uexp" 154
"../../../Engine/Content/EngineDebugMaterials/DebugMeshMaterial.uasset" 155
"../../../Engine/Content/EngineDebugMaterials/DebugMeshMaterial.uexp" 156
"../../../Engine/Content/EngineDebugMaterials/M_SimpleUnlitTranslucent.uasset" 157
"../../../Engine/Content/EngineDebugMaterials/M_SimpleUnlitTranslucent.uexp" 158
"../../../Engine/Content/EngineDebugMaterials/VolumeToRender.uasset" 159
"../../../Engine/Content/EngineDebugMaterials/VolumeToRender.uexp" 160
"../../../Engine/Content/Functions/Engine_MaterialFunctions02/Utility/CameraDirectionVector.uasset" 161
"../../../Engine/Content/Functions/Engine_MaterialFunctions02/Utility/CameraDirectionVector.uexp" 162
"../../../Engine/Content/EngineDebugMaterials/M_VolumeRenderSphereTracePP.uasset" 163
"../../../Engine/Content/EngineDebugMaterials/M_VolumeRenderSphereTracePP.uexp" 164
"../../../Engine/Content/Functions/Engine_MaterialFunctions01/Shading/ConvertFromDiffSpec.uasset" 165
"../../../Engine/Content/Functions/Engine_MaterialFunctions01/Shading/ConvertFromDiffSpec.uexp" 166
"../../../Engine/Content/EngineDebugMaterials/VertexColorMaterial.uasset" 167
"../../../Engine/Content/EngineDebugMaterials/VertexColorMaterial.uexp" 168
"../../../Engine/Content/EngineDebugMaterials/WireframeMaterial.uasset" 169
"../../../Engine/Content/EngineDebugMaterials/WireframeMaterial.uexp" 170
"../../../Engine/Content/EngineFonts/Faces/RobotoRegular.uasset" 171
"../../../Engine/Content/EngineFonts/Faces/RobotoRegular.uexp" 172
"../../../Engine/Content/EngineFonts/Faces/RobotoRegular.ufont" 173
"../../../Engine/Content/EngineFonts/Faces/RobotoLight.uasset" 174
"../../../Engine/Content/EngineFonts/Faces/RobotoLight.uexp" 175
"../../../Engine/Content/EngineFonts/Faces/RobotoLight.ufont" 176
"../../../Engine/Content/EngineFonts/Faces/RobotoItalic.uasset" 177
"../../../Engine/Content/EngineFonts/Faces/RobotoItalic.uexp" 178
"../../../Engine/Content/EngineFonts/Faces/RobotoItalic.ufont" 179
"../../../Engine/Content/EngineFonts/Faces/RobotoBoldItalic.uasset" 180
"../../../Engine/Content/EngineFonts/Faces/RobotoBoldItalic.uexp" 181
"../../../Engine/Content/EngineFonts/Faces/RobotoBoldItalic.ufont" 182
"../../../Engine/Content/EngineFonts/Faces/RobotoBold.uasset" 183
"../../../Engine/Content/EngineFonts/Faces/RobotoBold.uexp" 184
"../../../Engine/Content/EngineFonts/Faces/RobotoBold.ufont" 185
"../../../Engine/Content/EngineFonts/Faces/DroidSansFallback.uasset" 186
"../../../Engine/Content/EngineFonts/Faces/DroidSansFallback.uexp" 187
"../../../Engine/Content/EngineFonts/Faces/DroidSansFallback.ufont" 188
"../../../Engine/Content/EngineFonts/Roboto.uasset" 189
"../../../Engine/Content/EngineFonts/Roboto.uexp" 190
"../../../Engine/Content/EngineMaterials/BaseFlattenNormalMap.uasset" 191
"../../../Engine/Content/EngineMaterials/BaseFlattenNormalMap.uexp" 192
"../../../Engine/Content/EngineMaterials/BaseFlattenGrayscaleMap.uasset" 193
"../../../Engine/Content/EngineMaterials/BaseFlattenGrayscaleMap.uexp" 194
"../../../Engine/Content/EngineMaterials/BaseFlattenEmissiveMap.uasset" 195
"../../../Engine/Content/EngineMaterials/BaseFlattenEmissiveMap.uexp" 196
"../../../Engine/Content/EngineMaterials/BaseFlattenDiffuseMap.uasset" 197
"../../../Engine/Content/EngineMaterials/BaseFlattenDiffuseMap.uexp" 198
"../../../Engine/Content/EngineMaterials/BaseFlattenMaterial.uasset" 199
"../../../Engine/Content/EngineMaterials/BaseFlattenMaterial.uexp" 200
"../../../Engine/Content/EngineMaterials/BlueNoise.uasset" 201
"../../../Engine/Content/EngineMaterials/BlueNoise.uexp" 202
"../../../Engine/Content/EngineMaterials/DefaultBloomKernel.uasset" 203
"../../../Engine/Content/EngineMaterials/DefaultBloomKernel.uexp" 204
"../../../Engine/Content/EngineMaterials/DefaultBokeh.uasset" 205
"../../../Engine/Content/EngineMaterials/DefaultBokeh.uexp" 206
"../../../Engine/Content/EngineMaterials/DefaultDiffuse.uasset" 207
"../../../Engine/Content/EngineMaterials/DefaultDiffuse.uexp" 208
"../../../Engine/Content/EngineMaterials/DefaultDiffuse.ubulk" 209
"../../../Engine/Content/EngineMaterials/DefaultDeferredDecalMaterial.uasset" 210
"../../../Engine/Content/EngineMaterials/DefaultDeferredDecalMaterial.uexp" 211
"../../../Engine/Content/EngineMaterials/DefaultLightFunctionMaterial.uasset" 212
"../../../Engine/Content/EngineMaterials/DefaultLightFunctionMaterial.uexp" 213
"../../../Engine/Content/EngineMaterials/DefaultPhysicalMaterial.uasset" 214
"../../../Engine/Content/EngineMaterials/DefaultPhysicalMaterial.uexp" 215
"../../../Engine/Content/Functions/Engine_MaterialFunctions02/Utility/BreakOutFloat2Components.uasset" 216
"../../../Engine/Content/Functions/Engine_MaterialFunctions02/Utility/BreakOutFloat2Components.uexp" 217
"../../../Engine/Content/EngineMaterials/DefaultPostProcessMaterial.uasset" 218
"../../../Engine/Content/EngineMaterials/DefaultPostProcessMaterial.uexp" 219
"../../../Engine/Content/EngineFonts/RobotoDistanceField.uasset" 220
"../../../Engine/Content/EngineFonts/RobotoDistanceField.uexp" 221
"../../../Engine/Content/EngineMaterials/DefaultTextMaterialOpaque.uasset" 222
"../../../Engine/Content/EngineMaterials/DefaultTextMaterialOpaque.uexp" 223
"../../../Engine/Content/EngineMaterials/DefaultWhiteGrid.uasset" 224
"../../../Engine/Content/EngineMaterials/DefaultWhiteGrid.uexp" 225
"../../../Engine/Content/EngineMaterials/DefaultWhiteGrid.ubulk" 226
"../../../Engine/Content/EngineMaterials/DefaultWhiteGrid_Low.uasset" 227
"../../../Engine/Content/EngineMaterials/DefaultWhiteGrid_Low.uexp" 228
"../../../Engine/Content/EngineMaterials/EmissiveMeshMaterial.uasset" 229
"../../../Engine/Content/EngineMaterials/EmissiveMeshMaterial.uexp" 230
"../../../Engine/Content/EngineMaterials/GizmoMaterial.uasset" 231
"../../../Engine/Content/EngineMaterials/GizmoMaterial.uexp" 232
"../../../Engine/Content/EngineMaterials/Good64x64TilingNoiseHighFreq.uasset" 233
"../../../Engine/Content/EngineMaterials/Good64x64TilingNoiseHighFreq.uexp" 234
"../../../Engine/Content/EngineMaterials/MiniFont.uasset" 235
"../../../Engine/Content/EngineMaterials/MiniFont.uexp" 236
"../../../Engine/Content/EngineMaterials/InvalidLightmapSettings.uasset" 237
"../../../Engine/Content/EngineMaterials/InvalidLightmapSettings.uexp" 238
"../../../Engine/Content/EngineMaterials/InvalidLightmapSettings.ubulk" 239
"../../../Engine/Content/EngineMaterials/M_InvalidLightmapSettings.uasset" 240
"../../../Engine/Content/EngineMaterials/M_InvalidLightmapSettings.uexp" 241
"../../../Engine/Content/Functions/Engine_MaterialFunctions02/WorldPositionOffset/CameraOffset.uasset" 242
"../../../Engine/Content/Functions/Engine_MaterialFunctions02/WorldPositionOffset/CameraOffset.uexp" 243
"../../../Engine/Content/EngineMaterials/PhAT_JointLimitMaterial.uasset" 244
"../../../Engine/Content/EngineMaterials/PhAT_JointLimitMaterial.uexp" 245
"../../../Engine/Content/EngineMaterials/DefaultCalibrationColor.uasset" 246
"../../../Engine/Content/EngineMaterials/DefaultCalibrationColor.uexp" 247
"../../../Engine/Content/EngineMaterials/PPM_DefaultCalibrationColor.uasset" 248
"../../../Engine/Content/EngineMaterials/PPM_DefaultCalibrationColor.uexp" 249
"../../../Engine/Content/EngineMaterials/DefaultCalibrationGrayscale.uasset" 250
"../../../Engine/Content/EngineMaterials/DefaultCalibrationGrayscale.uexp" 251
"../../../Engine/Content/EngineMaterials/PPM_DefaultCalibrationGrayscale.uasset" 252
"../../../Engine/Content/EngineMaterials/PPM_DefaultCalibrationGrayscale.uexp" 253
"../../../Engine/Content/EngineMaterials/PreintegratedSkinBRDF.uasset" 254
"../../../Engine/Content/EngineMaterials/PreintegratedSkinBRDF.uexp" 255
"../../../Engine/Content/EngineMaterials/RemoveSurfaceMaterial.uasset" 256
"../../../Engine/Content/EngineMaterials/RemoveSurfaceMaterial.uexp" 257
"../../../Engine/Content/EngineMaterials/WeightMapPlaceholderTexture.uasset" 258
"../../../Engine/Content/EngineMaterials/WeightMapPlaceholderTexture.uexp" 259
"../../../Engine/Content/EngineResources/WhiteSquareTexture.uasset" 260
"../../../Engine/Content/EngineResources/WhiteSquareTexture.uexp" 261
"../../../Engine/Content/EngineMaterials/Widget3DPassThrough.uasset" 262
"../../../Engine/Content/EngineMaterials/Widget3DPassThrough.uexp" 263
"../../../Engine/Content/EngineMaterials/Widget3DPassThrough_Masked.uasset" 264
"../../../Engine/Content/EngineMaterials/Widget3DPassThrough_Masked.uexp" 265
"../../../Engine/Content/EngineMaterials/Widget3DPassThrough_Opaque.uasset" 266
"../../../Engine/Content/EngineMaterials/Widget3DPassThrough_Opaque.uexp" 267
"../../../Engine/Content/EngineMaterials/Widget3DPassThrough_Masked_OneSided.uasset" 268
"../../../Engine/Content/EngineMaterials/Widget3DPassThrough_Masked_OneSided.uexp" 269
"../../../Engine/Content/EngineMaterials/Widget3DPassThrough_Opaque_OneSided.uasset" 270
"../../../Engine/Content/EngineMaterials/Widget3DPassThrough_Opaque_OneSided.uexp" 271
"../../../Engine/Content/EngineMaterials/Widget3DPassThrough_Translucent.uasset" 272
"../../../Engine/Content/EngineMaterials/Widget3DPassThrough_Translucent.uexp" 273
"../../../Engine/Content/EngineMaterials/Widget3DPassThrough_Translucent_OneSided.uasset" 274
"../../../Engine/Content/EngineMaterials/Widget3DPassThrough_Translucent_OneSided.uexp" 275
"../../../Engine/Content/EngineMeshes/Cylinder.uasset" 276
"../../../Engine/Content/EngineMeshes/Cylinder.uexp" 277
"../../../Engine/Content/EngineMeshes/Sphere.uasset" 278
"../../../Engine/Content/EngineMeshes/Sphere.uexp" 279
"../../../Engine/Content/EngineResources/DefaultTexture.uasset" 280
"../../../Engine/Content/EngineResources/DefaultTexture.uexp" 281
"../../../Engine/Content/EngineResources/DefaultTexture.ubulk" 282
"../../../Engine/Content/EngineResources/DefaultTextureCube.uasset" 283
"../../../Engine/Content/EngineResources/DefaultTextureCube.uexp" 284
"../../../Engine/Content/EngineResources/DefaultVolumeTexture2D.uasset" 285
"../../../Engine/Content/EngineResources/DefaultVolumeTexture2D.uexp" 286
"../../../Engine/Content/EngineResources/DefaultVolumeTexture.uasset" 287
"../../../Engine/Content/EngineResources/DefaultVolumeTexture.uexp" 288
"../../../Engine/Content/EngineResources/GradientTexture0.uasset" 289
"../../../Engine/Content/EngineResources/GradientTexture0.uexp" 290
"../../../Engine/Content/EngineSky/VolumetricClouds/T_NoiseShape64.uasset" 291
"../../../Engine/Content/EngineSky/VolumetricClouds/T_NoiseShape64.uexp" 292
"../../../Engine/Content/EngineSky/VolumetricClouds/T_NoiseShape64.ubulk" 293
"../../../Engine/Content/EngineSky/VolumetricClouds/T_VolumeNoiseShape64.uasset" 294
"../../../Engine/Content/EngineSky/VolumetricClouds/T_VolumeNoiseShape64.uexp" 295
"../../../Engine/Content/EngineSky/VolumetricClouds/T_NoiseErosion.uasset" 296
"../../../Engine/Content/EngineSky/VolumetricClouds/T_NoiseErosion.uexp" 297
"../../../Engine/Content/EngineSky/VolumetricClouds/T_NoiseErosion.ubulk" 298
"../../../Engine/Content/EngineSky/VolumetricClouds/T_VolumeNoiseErosion32.uasset" 299
"../../../Engine/Content/EngineSky/VolumetricClouds/T_VolumeNoiseErosion32.uexp" 300
"../../../Engine/Content/EngineSky/VolumetricClouds/CloudWeatherTexture.uasset" 301
"../../../Engine/Content/EngineSky/VolumetricClouds/CloudWeatherTexture.uexp" 302
"../../../Engine/Content/EngineSky/VolumetricClouds/CloudGradientTexture.uasset" 303
"../../../Engine/Content/EngineSky/VolumetricClouds/CloudGradientTexture.uexp" 304
"../../../Engine/Content/Functions/Engine_MaterialFunctions02/Utility/MakeFloat2.uasset" 305
"../../../Engine/Content/Functions/Engine_MaterialFunctions02/Utility/MakeFloat2.uexp" 306
"../../../Engine/Content/EngineSky/VolumetricClouds/m_SimpleVolumetricCloud.uasset" 307
"../../../Engine/Content/EngineSky/VolumetricClouds/m_SimpleVolumetricCloud.uexp" 308
"../../../Engine/Content/EngineSky/VolumetricClouds/m_SimpleVolumetricCloud_Inst.uasset" 309
"../../../Engine/Content/EngineSky/VolumetricClouds/m_SimpleVolumetricCloud_Inst.uexp" 310
"../../../Engine/Content/EngineSounds/Master.uasset" 311
"../../../Engine/Content/EngineSounds/Master.uexp" 312
"../../../Engine/Content/Functions/Engine_MaterialFunctions01/Shading/PowerToRoughness.uasset" 313
"../../../Engine/Content/Functions/Engine_MaterialFunctions01/Shading/PowerToRoughness.uexp" 314
"../../../Engine/Content/Maps/Templates/Thumbnails/Default.uasset" 315
"../../../Engine/Content/Maps/Templates/Thumbnails/Default.uexp" 316
"../../../Engine/Content/Maps/Templates/Thumbnails/TimeOfDay.uasset" 317
"../../../Engine/Content/Maps/Templates/Thumbnails/TimeOfDay.uexp" 318
"../../../Engine/Content/Maps/Templates/Thumbnails/VR-Basic.uasset" 319
"../../../Engine/Content/Maps/Templates/Thumbnails/VR-Basic.uexp" 320
"../../../Engine/Content/MobileResources/T_MobileControls_texture.uasset" 321
"../../../Engine/Content/MobileResources/T_MobileControls_texture.uexp" 322
"../../../Engine/Content/MobileResources/T_MobileMenu2.uasset" 323
"../../../Engine/Content/MobileResources/T_MobileMenu2.uexp" 324
"../../../Engine/Content/MobileResources/HUD/AnalogHat.uasset" 325
"../../../Engine/Content/MobileResources/HUD/AnalogHat.uexp" 326
"../../../Engine/Content/MobileResources/HUD/VirtualJoystick_Thumb.uasset" 327
"../../../Engine/Content/MobileResources/HUD/VirtualJoystick_Thumb.uexp" 328
"../../../Engine/Content/MobileResources/HUD/VirtualJoystick_Background.uasset" 329
"../../../Engine/Content/MobileResources/HUD/VirtualJoystick_Background.uexp" 330
"../../../Engine/Content/MobileResources/HUD/DefaultVirtualJoysticks.uasset" 331
"../../../Engine/Content/MobileResources/HUD/DefaultVirtualJoysticks.uexp" 332
"../../../Engine/Content/MobileResources/HUD/LeftVirtualJoystickOnly.uasset" 333
"../../../Engine/Content/MobileResources/HUD/LeftVirtualJoystickOnly.uexp" 334
"../../../Engine/Content/MobileResources/HUD/MobileHUDButton1_off.uasset" 335
"../../../Engine/Content/MobileResources/HUD/MobileHUDButton1_off.uexp" 336
"../../../Engine/Content/MobileResources/HUD/MobileHUDButton1_on.uasset" 337
"../../../Engine/Content/MobileResources/HUD/MobileHUDButton1_on.uexp" 338
"../../../Engine/Content/MobileResources/HUD/MobileHUDButton2_off.uasset" 339
"../../../Engine/Content/MobileResources/HUD/MobileHUDButton2_off.uexp" 340
"../../../Engine/Content/MobileResources/HUD/MobileHUDButton2_on.uasset" 341
"../../../Engine/Content/MobileResources/HUD/MobileHUDButton2_on.uexp" 342
"../../../Engine/Content/MobileResources/HUD/MobileHUDButton3.uasset" 343
"../../../Engine/Content/MobileResources/HUD/MobileHUDButton3.uexp" 344
"../../../Engine/Content/MobileResources/HUD/MobileHUDButtonFire.uasset" 345
"../../../Engine/Content/MobileResources/HUD/MobileHUDButtonFire.uexp" 346
"../../../Engine/Content/MobileResources/HUD/MobileHUDDirectionPad.uasset" 347
"../../../Engine/Content/MobileResources/HUD/MobileHUDDirectionPad.uexp" 348
"../../../Engine/Content/MobileResources/HUD/MobileHUDDirectionPad2.uasset" 349
"../../../Engine/Content/MobileResources/HUD/MobileHUDDirectionPad2.uexp" 350
"../../../Engine/Content/MobileResources/HUD/MobileHUDDirectionPad3.uasset" 351
"../../../Engine/Content/MobileResources/HUD/MobileHUDDirectionPad3.uexp" 352
"../../../Engine/Content/MobileResources/HUD/MobileHUDDirectionStick.uasset" 353
"../../../Engine/Content/MobileResources/HUD/MobileHUDDirectionStick.uexp" 354
"../../../Engine/Content/MobileResources/HUD/T_Castle_ThumbstickInner.uasset" 355
"../../../Engine/Content/MobileResources/HUD/T_Castle_ThumbstickInner.uexp" 356
"../../../Engine/Content/MobileResources/HUD/T_Castle_ThumbstickOutter.uasset" 357
"../../../Engine/Content/MobileResources/HUD/T_Castle_ThumbstickOutter.uexp" 358
"../../../Engine/Content/Tutorial/ContentIntroCurve.uasset" 359
"../../../Engine/Content/Tutorial/ContentIntroCurve.uexp" 360
"../../../Engine/Content/Tutorial/Basics/TutorialAssets/icon_tab_Levels_40x.uasset" 361
"../../../Engine/Content/Tutorial/Basics/TutorialAssets/icon_tab_Levels_40x.uexp" 362
"../../../Engine/Content/Tutorial/Landscape/TutorialAssets/Landscape.uasset" 363
"../../../Engine/Content/Tutorial/Landscape/TutorialAssets/Landscape.uexp" 364
"../../../Engine/Content/VREditor/TransformGizmo/TranslucentTransformGizmoMaterial.uasset" 365
"../../../Engine/Content/VREditor/TransformGizmo/TranslucentTransformGizmoMaterial.uexp" 366
"../../../Engine/Content/VREditor/LaserPointer/VR_LaserPower_01.uasset" 367
"../../../Engine/Content/VREditor/LaserPointer/VR_LaserPower_01.uexp" 368
"../../../Engine/Content/VREditor/LaserPointer/VR_LaserPower_01.ubulk" 369
"../../../Engine/Content/VREditor/TransformGizmo/TransformGizmoMaterial.uasset" 370
"../../../Engine/Content/VREditor/TransformGizmo/TransformGizmoMaterial.uexp" 371
"../../../Engine/Content/VREditor/TransformGizmo/BoundingBoxCorner.uasset" 372
"../../../Engine/Content/VREditor/TransformGizmo/BoundingBoxCorner.uexp" 373
"../../../Engine/Content/VREditor/TransformGizmo/BoundingBoxEdge.uasset" 374
"../../../Engine/Content/VREditor/TransformGizmo/BoundingBoxEdge.uexp" 375
"../../../Engine/Content/VREditor/TransformGizmo/PlaneTranslationHandle.uasset" 376
"../../../Engine/Content/VREditor/TransformGizmo/PlaneTranslationHandle.uexp" 377
"../../../Engine/Content/VREditor/TransformGizmo/Xray.uasset" 378
"../../../Engine/Content/VREditor/TransformGizmo/Xray.uexp" 379
"../../../Engine/Content/VREditor/TransformGizmo/Main.uasset" 380
"../../../Engine/Content/VREditor/TransformGizmo/Main.uexp" 381
"../../../Engine/Content/VREditor/TransformGizmo/SM_Sequencer_Key.uasset" 382
"../../../Engine/Content/VREditor/TransformGizmo/SM_Sequencer_Key.uexp" 383
"../../../Engine/Content/VREditor/TransformGizmo/SM_Sequencer_Node.uasset" 384
"../../../Engine/Content/VREditor/TransformGizmo/SM_Sequencer_Node.uexp" 385
"../../../Engine/Plugins/2D/Paper2D/Content/PlaceholderTextures/DummySpriteTexture.uasset" 386
"../../../Engine/Plugins/2D/Paper2D/Content/PlaceholderTextures/DummySpriteTexture.uexp" 387
"../../../Engine/Plugins/2D/Paper2D/Content/PlaceholderTextures/DummySpriteTexture.ubulk" 388
"../../../Engine/Plugins/2D/Paper2D/Content/DummySprite.uasset" 389
"../../../Engine/Plugins/2D/Paper2D/Content/DummySprite.uexp" 390
"../../../Engine/Plugins/2D/Paper2D/Content/DefaultPaperTerrainMaterial.uasset" 391
"../../../Engine/Plugins/2D/Paper2D/Content/DefaultPaperTerrainMaterial.uexp" 392
"../../../Engine/Plugins/2D/Paper2D/Content/DefaultSpriteMaterial.uasset" 393
"../../../Engine/Plugins/2D/Paper2D/Content/DefaultSpriteMaterial.uexp" 394
"../../../Engine/Plugins/2D/Paper2D/Content/MaskedUnlitSpriteMaterial.uasset" 395
"../../../Engine/Plugins/2D/Paper2D/Content/MaskedUnlitSpriteMaterial.uexp" 396
"../../../Engine/Plugins/2D/Paper2D/Content/OpaqueUnlitSpriteMaterial.uasset" 397
"../../../Engine/Plugins/2D/Paper2D/Content/OpaqueUnlitSpriteMaterial.uexp" 398
"../../../Engine/Content/ArtTools/RenderToTexture/Materials/Debug/M_Emissive_Color.uasset" 399
"../../../Engine/Content/ArtTools/RenderToTexture/Materials/Debug/M_Emissive_Color.uexp" 400
"../../../Engine/Content/BasicShapes/Cylinder.uasset" 401
"../../../Engine/Content/BasicShapes/Cylinder.uexp" 402
"../../../Engine/Plugins/Lumin/MagicLeapPassableWorld/Content/MagicLeapARPinInfoActor.uasset" 403
"../../../Engine/Plugins/Lumin/MagicLeapPassableWorld/Content/MagicLeapARPinInfoActor.uexp" 404
"../../../Engine/Content/EngineResources/Black.uasset" 405
"../../../Engine/Content/EngineResources/Black.uexp" 406
"../../../Engine/Plugins/Runtime/OpenXR/Content/Devices/GoogleDaydream/MRTexture.uasset" 407
"../../../Engine/Plugins/Runtime/OpenXR/Content/Devices/GoogleDaydream/MRTexture.uexp" 408
"../../../Engine/Plugins/Runtime/OpenXR/Content/Devices/GoogleDaydream/MRTexture.ubulk" 409
"../../../Engine/Plugins/Runtime/OpenXR/Content/Devices/GoogleDaydream/BaseTexture.uasset" 410
"../../../Engine/Plugins/Runtime/OpenXR/Content/Devices/GoogleDaydream/BaseTexture.uexp" 411
"../../../Engine/Plugins/Runtime/OpenXR/Content/Devices/GoogleDaydream/BaseTexture.ubulk" 412
"../../../Engine/Plugins/Runtime/OpenXR/Content/Devices/M_XRController.uasset" 413
"../../../Engine/Plugins/Runtime/OpenXR/Content/Devices/M_XRController.uexp" 414
"../../../Engine/Plugins/Runtime/OpenXR/Content/Devices/GoogleDaydream/MI_GoogleDaydream.uasset" 415
"../../../Engine/Plugins/Runtime/OpenXR/Content/Devices/GoogleDaydream/MI_GoogleDaydream.uexp" 416
"../../../Engine/Plugins/Runtime/OpenXR/Content/Devices/GoogleDaydream/GoogleDaydreamController.uasset" 417
"../../../Engine/Plugins/Runtime/OpenXR/Content/Devices/GoogleDaydream/GoogleDaydreamController.uexp" 418
"../../../Engine/Plugins/Runtime/OpenXR/Content/Devices/HTCVive/BaseTexture.uasset" 419
"../../../Engine/Plugins/Runtime/OpenXR/Content/Devices/HTCVive/BaseTexture.uexp" 420
"../../../Engine/Plugins/Runtime/OpenXR/Content/Devices/HTCVive/BaseTexture.ubulk" 421
"../../../Engine/Plugins/Runtime/OpenXR/Content/Devices/HTCVive/MI_HTCVive.uasset" 422
"../../../Engine/Plugins/Runtime/OpenXR/Content/Devices/HTCVive/MI_HTCVive.uexp" 423
"../../../Engine/Plugins/Runtime/OpenXR/Content/Devices/HTCVive/HTCViveController.uasset" 424
"../../../Engine/Plugins/Runtime/OpenXR/Content/Devices/HTCVive/HTCViveController.uexp" 425
"../../../Engine/Plugins/Runtime/OpenXR/Content/Devices/MicrosoftMixedReality/NormalTexture.uasset" 426
"../../../Engine/Plugins/Runtime/OpenXR/Content/Devices/MicrosoftMixedReality/NormalTexture.uexp" 427
"../../../Engine/Plugins/Runtime/OpenXR/Content/Devices/MicrosoftMixedReality/NormalTexture.ubulk" 428
"../../../Engine/Plugins/Runtime/OpenXR/Content/Devices/MicrosoftMixedReality/MRTexture.uasset" 429
"../../../Engine/Plugins/Runtime/OpenXR/Content/Devices/MicrosoftMixedReality/MRTexture.uexp" 430
"../../../Engine/Plugins/Runtime/OpenXR/Content/Devices/MicrosoftMixedReality/MRTexture.ubulk" 431
"../../../Engine/Plugins/Runtime/OpenXR/Content/Devices/MicrosoftMixedReality/EmissiveTexture.uasset" 432
"../../../Engine/Plugins/Runtime/OpenXR/Content/Devices/MicrosoftMixedReality/EmissiveTexture.uexp" 433
"../../../Engine/Plugins/Runtime/OpenXR/Content/Devices/MicrosoftMixedReality/EmissiveTexture.ubulk" 434
"../../../Engine/Plugins/Runtime/OpenXR/Content/Devices/MicrosoftMixedReality/BaseTexture.uasset" 435
"../../../Engine/Plugins/Runtime/OpenXR/Content/Devices/MicrosoftMixedReality/BaseTexture.uexp" 436
"../../../Engine/Plugins/Runtime/OpenXR/Content/Devices/MicrosoftMixedReality/BaseTexture.ubulk" 437
"../../../Engine/Plugins/Runtime/OpenXR/Content/Devices/MicrosoftMixedReality/MI_MicrosoftMixedReality.uasset" 438
"../../../Engine/Plugins/Runtime/OpenXR/Content/Devices/MicrosoftMixedReality/MI_MicrosoftMixedReality.uexp" 439
"../../../Engine/Plugins/Runtime/OpenXR/Content/Devices/MicrosoftMixedReality/Left/left_MicrosoftMixedRealityController.uasset" 440
"../../../Engine/Plugins/Runtime/OpenXR/Content/Devices/MicrosoftMixedReality/Left/left_MicrosoftMixedRealityController.uexp" 441
"../../../Engine/Plugins/Runtime/OpenXR/Content/Devices/MicrosoftMixedReality/Right/right_MicrosoftMixedRealityController.uasset" 442
"../../../Engine/Plugins/Runtime/OpenXR/Content/Devices/MicrosoftMixedReality/Right/right_MicrosoftMixedRealityController.uexp" 443
"../../../Engine/Plugins/Runtime/OpenXR/Content/Devices/OculusGo/BaseTexture.uasset" 444
"../../../Engine/Plugins/Runtime/OpenXR/Content/Devices/OculusGo/BaseTexture.uexp" 445
"../../../Engine/Plugins/Runtime/OpenXR/Content/Devices/OculusGo/BaseTexture.ubulk" 446
"../../../Engine/Plugins/Runtime/OpenXR/Content/Devices/OculusGo/MI_OculusGo.uasset" 447
"../../../Engine/Plugins/Runtime/OpenXR/Content/Devices/OculusGo/MI_OculusGo.uexp" 448
"../../../Engine/Plugins/Runtime/OpenXR/Content/Devices/OculusGo/OculusGoController.uasset" 449
"../../../Engine/Plugins/Runtime/OpenXR/Content/Devices/OculusGo/OculusGoController.uexp" 450
"../../../Engine/Plugins/Runtime/OpenXR/Content/Devices/OculusTouch/MRTexture.uasset" 451
"../../../Engine/Plugins/Runtime/OpenXR/Content/Devices/OculusTouch/MRTexture.uexp" 452
"../../../Engine/Plugins/Runtime/OpenXR/Content/Devices/OculusTouch/MRTexture.ubulk" 453
"../../../Engine/Plugins/Runtime/OpenXR/Content/Devices/OculusTouch/BaseTexture.uasset" 454
"../../../Engine/Plugins/Runtime/OpenXR/Content/Devices/OculusTouch/BaseTexture.uexp" 455
"../../../Engine/Plugins/Runtime/OpenXR/Content/Devices/OculusTouch/BaseTexture.ubulk" 456
"../../../Engine/Plugins/Runtime/OpenXR/Content/Devices/OculusTouch/MI_OculusTouch.uasset" 457
"../../../Engine/Plugins/Runtime/OpenXR/Content/Devices/OculusTouch/MI_OculusTouch.uexp" 458
"../../../Engine/Plugins/Runtime/OpenXR/Content/Devices/OculusTouch/Left/left_OculusTouchController.uasset" 459
"../../../Engine/Plugins/Runtime/OpenXR/Content/Devices/OculusTouch/Left/left_OculusTouchController.uexp" 460
"../../../Engine/Plugins/Runtime/OpenXR/Content/Devices/OculusTouch/Right/right_OculusTouchController.uasset" 461
"../../../Engine/Plugins/Runtime/OpenXR/Content/Devices/OculusTouch/Right/right_OculusTouchController.uexp" 462
"../../../Engine/Plugins/Runtime/OpenXR/Content/Devices/OculusTouch_v2/MRTexture.uasset" 463
"../../../Engine/Plugins/Runtime/OpenXR/Content/Devices/OculusTouch_v2/MRTexture.uexp" 464
"../../../Engine/Plugins/Runtime/OpenXR/Content/Devices/OculusTouch_v2/MRTexture.ubulk" 465
"../../../Engine/Plugins/Runtime/OpenXR/Content/Devices/OculusTouch_v2/BaseTexture.uasset" 466
"../../../Engine/Plugins/Runtime/OpenXR/Content/Devices/OculusTouch_v2/BaseTexture.uexp" 467
"../../../Engine/Plugins/Runtime/OpenXR/Content/Devices/OculusTouch_v2/BaseTexture.ubulk" 468
"../../../Engine/Plugins/Runtime/OpenXR/Content/Devices/OculusTouch_v2/MI_OculusTouch_v2.uasset" 469
"../../../Engine/Plugins/Runtime/OpenXR/Content/Devices/OculusTouch_v2/MI_OculusTouch_v2.uexp" 470
"../../../Engine/Plugins/Runtime/OpenXR/Content/Devices/OculusTouch_v2/Left/left_OculusTouch_v2Controller.uasset" 471
"../../../Engine/Plugins/Runtime/OpenXR/Content/Devices/OculusTouch_v2/Left/left_OculusTouch_v2Controller.uexp" 472
"../../../Engine/Plugins/Runtime/OpenXR/Content/Devices/OculusTouch_v2/Right/right_OculusTouch_v2Controller.uasset" 473
"../../../Engine/Plugins/Runtime/OpenXR/Content/Devices/OculusTouch_v2/Right/right_OculusTouch_v2Controller.uexp" 474
"../../../Engine/Plugins/Runtime/OpenXR/Content/Devices/OculusTouch_v3/MRTexture.uasset" 475
"../../../Engine/Plugins/Runtime/OpenXR/Content/Devices/OculusTouch_v3/MRTexture.uexp" 476
"../../../Engine/Plugins/Runtime/OpenXR/Content/Devices/OculusTouch_v3/MRTexture.ubulk" 477
"../../../Engine/Plugins/Runtime/OpenXR/Content/Devices/OculusTouch_v3/BaseTexture.uasset" 478
"../../../Engine/Plugins/Runtime/OpenXR/Content/Devices/OculusTouch_v3/BaseTexture.uexp" 479
"../../../Engine/Plugins/Runtime/OpenXR/Content/Devices/OculusTouch_v3/BaseTexture.ubulk" 480
"../../../Engine/Plugins/Runtime/OpenXR/Content/Devices/OculusTouch_v3/MI_OculusTouch_v3.uasset" 481
"../../../Engine/Plugins/Runtime/OpenXR/Content/Devices/OculusTouch_v3/MI_OculusTouch_v3.uexp" 482
"../../../Engine/Plugins/Runtime/OpenXR/Content/Devices/OculusTouch_v3/Left/left_OculusTouch_v3Controller.uasset" 483
"../../../Engine/Plugins/Runtime/OpenXR/Content/Devices/OculusTouch_v3/Left/left_OculusTouch_v3Controller.uexp" 484
"../../../Engine/Plugins/Runtime/OpenXR/Content/Devices/OculusTouch_v3/Right/right_OculusTouch_v3Controller.uasset" 485
"../../../Engine/Plugins/Runtime/OpenXR/Content/Devices/OculusTouch_v3/Right/right_OculusTouch_v3Controller.uexp" 486
"../../../Engine/Plugins/Runtime/OpenXR/Content/Devices/ValveIndex/MRTexture.uasset" 487
"../../../Engine/Plugins/Runtime/OpenXR/Content/Devices/ValveIndex/MRTexture.uexp" 488
"../../../Engine/Plugins/Runtime/OpenXR/Content/Devices/ValveIndex/MRTexture.ubulk" 489
"../../../Engine/Plugins/Runtime/OpenXR/Content/Devices/ValveIndex/BaseTexture.uasset" 490
"../../../Engine/Plugins/Runtime/OpenXR/Content/Devices/ValveIndex/BaseTexture.uexp" 491
"../../../Engine/Plugins/Runtime/OpenXR/Content/Devices/ValveIndex/BaseTexture.ubulk" 492
"../../../Engine/Plugins/Runtime/OpenXR/Content/Devices/ValveIndex/Left/MI_left_ValveIndex.uasset" 493
"../../../Engine/Plugins/Runtime/OpenXR/Content/Devices/ValveIndex/Left/MI_left_ValveIndex.uexp" 494
"../../../Engine/Plugins/Runtime/OpenXR/Content/Devices/ValveIndex/Left/left_ValveIndexController.uasset" 495
"../../../Engine/Plugins/Runtime/OpenXR/Content/Devices/ValveIndex/Left/left_ValveIndexController.uexp" 496
"../../../Engine/Plugins/Runtime/OpenXR/Content/Devices/ValveIndex/Right/MI_right_ValveIndex.uasset" 497
"../../../Engine/Plugins/Runtime/OpenXR/Content/Devices/ValveIndex/Right/MI_right_ValveIndex.uexp" 498
"../../../Engine/Plugins/Runtime/OpenXR/Content/Devices/ValveIndex/Right/right_ValveIndexController.uasset" 499
"../../../Engine/Plugins/Runtime/OpenXR/Content/Devices/ValveIndex/Right/right_ValveIndexController.uexp" 500
"../../../Engine/Content/Functions/Engine_MaterialFunctions02/Utility/VectorLength.uasset" 501
"../../../Engine/Content/Functions/Engine_MaterialFunctions02/Utility/VectorLength.uexp" 502
"../../../Engine/Content/Functions/Engine_MaterialFunctions02/ObjectLocalBounds.uasset" 503
"../../../Engine/Content/Functions/Engine_MaterialFunctions02/ObjectLocalBounds.uexp" 504
"../../../Engine/Content/Functions/Engine_MaterialFunctions02/WorldPositionOffset/ObjectScale.uasset" 505
"../../../Engine/Content/Functions/Engine_MaterialFunctions02/WorldPositionOffset/ObjectScale.uexp" 506
"../../../Engine/Content/Functions/Engine_MaterialFunctions02/Utility/BreakOutFloat3Components.uasset" 507
"../../../Engine/Content/Functions/Engine_MaterialFunctions02/Utility/BreakOutFloat3Components.uexp" 508
"../../../Engine/Content/Functions/Engine_MaterialFunctions02/SafeNormalize.uasset" 509
"../../../Engine/Content/Functions/Engine_MaterialFunctions02/SafeNormalize.uexp" 510
"../../../Engine/Plugins/Editor/SpeedTreeImporter/Content/SpeedTree9/UnpackInteger3.uasset" 511
"../../../Engine/Plugins/Editor/SpeedTreeImporter/Content/SpeedTree9/UnpackInteger3.uexp" 512
"../../../Engine/Plugins/Editor/SpeedTreeImporter/Content/SpeedTree9/UnpackDirection.uasset" 513
"../../../Engine/Plugins/Editor/SpeedTreeImporter/Content/SpeedTree9/UnpackDirection.uexp" 514
"../../../Engine/Plugins/Editor/SpeedTreeImporter/Content/SpeedTree9/game_wind_noise.uasset" 515
"../../../Engine/Plugins/Editor/SpeedTreeImporter/Content/SpeedTree9/game_wind_noise.uexp" 516
"../../../Engine/Plugins/Editor/SpeedTreeImporter/Content/SpeedTree9/game_wind_noise.ubulk" 517
"../../../Engine/Plugins/Editor/SpeedTreeImporter/Content/SpeedTree9/SpeedTreeWindMotion.uasset" 518
"../../../Engine/Plugins/Editor/SpeedTreeImporter/Content/SpeedTree9/SpeedTreeWindMotion.uexp" 519
"../../../Engine/Plugins/Editor/SpeedTreeImporter/Content/SpeedTree9/SpeedTreeBranchMotion.uasset" 520
"../../../Engine/Plugins/Editor/SpeedTreeImporter/Content/SpeedTree9/SpeedTreeBranchMotion.uexp" 521
"../../../Engine/Content/Functions/Engine_MaterialFunctions02/UVs/BoundingBoxBased_0-1_UVW.uasset" 522
"../../../Engine/Content/Functions/Engine_MaterialFunctions02/UVs/BoundingBoxBased_0-1_UVW.uexp" 523
"../../../Engine/Plugins/Editor/SpeedTreeImporter/Content/SpeedTree9/SpeedTreeWind.uasset" 524
"../../../Engine/Plugins/Editor/SpeedTreeImporter/Content/SpeedTree9/SpeedTreeWind.uexp" 525
"../../../Engine/Plugins/Editor/SpeedTreeImporter/Content/SpeedTree9/SpeedTreeBillboard.uasset" 526
"../../../Engine/Plugins/Editor/SpeedTreeImporter/Content/SpeedTree9/SpeedTreeBillboard.uexp" 527
"../../../Engine/Plugins/Editor/SpeedTreeImporter/Content/SpeedTree9/EmptyNormal.uasset" 528
"../../../Engine/Plugins/Editor/SpeedTreeImporter/Content/SpeedTree9/EmptyNormal.uexp" 529
"../../../Engine/Plugins/Editor/SpeedTreeImporter/Content/SpeedTree9/Empty.uasset" 530
"../../../Engine/Plugins/Editor/SpeedTreeImporter/Content/SpeedTree9/Empty.uexp" 531
"../../../Engine/Plugins/Editor/SpeedTreeImporter/Content/SpeedTree9/SpeedTreeBillboardMaster.uasset" 532
"../../../Engine/Plugins/Editor/SpeedTreeImporter/Content/SpeedTree9/SpeedTreeBillboardMaster.uexp" 533
"../../../Engine/Plugins/Editor/SpeedTreeImporter/Content/SpeedTree9/SpeedTreeCameraFacing.uasset" 534
"../../../Engine/Plugins/Editor/SpeedTreeImporter/Content/SpeedTree9/SpeedTreeCameraFacing.uexp" 535
"../../../Engine/Plugins/Editor/SpeedTreeImporter/Content/SpeedTree9/SpeedTreeMaster.uasset" 536
"../../../Engine/Plugins/Editor/SpeedTreeImporter/Content/SpeedTree9/SpeedTreeMaster.uexp" 537
"../../../Engine/Content/Functions/Engine_MaterialFunctions02/Utility/MakeFloat3.uasset" 538
"../../../Engine/Content/Functions/Engine_MaterialFunctions02/Utility/MakeFloat3.uexp" 539
"../../../Engine/Content/Functions/Engine_MaterialFunctions02/Utility/BreakOutFloat4Components.uasset" 540
"../../../Engine/Content/Functions/Engine_MaterialFunctions02/Utility/BreakOutFloat4Components.uexp" 541
"../../../Engine/Plugins/Runtime/Oculus/OculusVR/Content/Materials/OculusMR_ChromaKey.uasset" 542
"../../../Engine/Plugins/Runtime/Oculus/OculusVR/Content/Materials/OculusMR_ChromaKey.uexp" 543
"../../../Engine/Plugins/Runtime/Oculus/OculusVR/Content/Materials/OculusMR_OpaqueColoredMaterial.uasset" 544
"../../../Engine/Plugins/Runtime/Oculus/OculusVR/Content/Materials/OculusMR_OpaqueColoredMaterial.uexp" 545
"../../../Engine/Plugins/Runtime/Oculus/OculusVR/Content/Materials/PokeAHoleMaterial.uasset" 546
"../../../Engine/Plugins/Runtime/Oculus/OculusVR/Content/Materials/PokeAHoleMaterial.uexp" 547
"../../../Engine/Plugins/Runtime/Oculus/OculusVR/Content/Textures/touchController_controlmap.uasset" 548
"../../../Engine/Plugins/Runtime/Oculus/OculusVR/Content/Textures/touchController_controlmap.uexp" 549
"../../../Engine/Plugins/Runtime/Oculus/OculusVR/Content/Textures/touchController_controlmap.ubulk" 550
"../../../Engine/Plugins/Runtime/Oculus/OculusVR/Content/Textures/touchController_albedo.uasset" 551
"../../../Engine/Plugins/Runtime/Oculus/OculusVR/Content/Textures/touchController_albedo.uexp" 552
"../../../Engine/Plugins/Runtime/Oculus/OculusVR/Content/Textures/touchController_albedo.ubulk" 553
"../../../Engine/Plugins/Runtime/Oculus/OculusVR/Content/Materials/touchController_mat.uasset" 554
"../../../Engine/Plugins/Runtime/Oculus/OculusVR/Content/Materials/touchController_mat.uexp" 555
"../../../Engine/Plugins/Runtime/Oculus/OculusVR/Content/Meshes/LeftTouchController.uasset" 556
"../../../Engine/Plugins/Runtime/Oculus/OculusVR/Content/Meshes/LeftTouchController.uexp" 557
"../../../Engine/Plugins/Runtime/Oculus/OculusVR/Content/Textures/TouchForQuestRiftSController_albedo.uasset" 558
"../../../Engine/Plugins/Runtime/Oculus/OculusVR/Content/Textures/TouchForQuestRiftSController_albedo.uexp" 559
"../../../Engine/Plugins/Runtime/Oculus/OculusVR/Content/Textures/TouchForQuestRiftSController_albedo.ubulk" 560
"../../../Engine/Plugins/Runtime/Oculus/OculusVR/Content/Materials/TouchForQuestRiftSControllerMaterial.uasset" 561
"../../../Engine/Plugins/Runtime/Oculus/OculusVR/Content/Materials/TouchForQuestRiftSControllerMaterial.uexp" 562
"../../../Engine/Plugins/Runtime/Oculus/OculusVR/Content/Meshes/LeftTouchForQuestRiftSController.uasset" 563
"../../../Engine/Plugins/Runtime/Oculus/OculusVR/Content/Meshes/LeftTouchForQuestRiftSController.uexp" 564
"../../../Engine/Plugins/Runtime/Oculus/OculusVR/Content/Meshes/RiftHMD.uasset" 565
"../../../Engine/Plugins/Runtime/Oculus/OculusVR/Content/Meshes/RiftHMD.uexp" 566
"../../../Engine/Plugins/Runtime/Oculus/OculusVR/Content/Meshes/RightTouchController.uasset" 567
"../../../Engine/Plugins/Runtime/Oculus/OculusVR/Content/Meshes/RightTouchController.uexp" 568
"../../../Engine/Plugins/Runtime/Oculus/OculusVR/Content/Meshes/RightTouchForQuestRiftSController.uasset" 569
"../../../Engine/Plugins/Runtime/Oculus/OculusVR/Content/Meshes/RightTouchForQuestRiftSController.uexp" 570
"D:/WorkEtSchool/UGA/2021 Fall/CSCI6550 Artificial Intelligence/Final/CSCI6550-FP/Content/Maps/world_BuiltData.uasset" 571
"D:/WorkEtSchool/UGA/2021 Fall/CSCI6550 Artificial Intelligence/Final/CSCI6550-FP/Content/Maps/world_BuiltData.uexp" 572
"D:/WorkEtSchool/UGA/2021 Fall/CSCI6550 Artificial Intelligence/Final/CSCI6550-FP/Content/DisplayHUD.uasset" 573
"D:/WorkEtSchool/UGA/2021 Fall/CSCI6550 Artificial Intelligence/Final/CSCI6550-FP/Content/DisplayHUD.uexp" 574
"D:/WorkEtSchool/UGA/2021 Fall/CSCI6550 Artificial Intelligence/Final/CSCI6550-FP/Content/SimGM.uasset" 575
"D:/WorkEtSchool/UGA/2021 Fall/CSCI6550 Artificial Intelligence/Final/CSCI6550-FP/Content/SimGM.uexp" 576
"D:/WorkEtSchool/UGA/2021 Fall/CSCI6550 Artificial Intelligence/Final/CSCI6550-FP/Content/Maps/world.uexp" 577
"D:/WorkEtSchool/UGA/2021 Fall/CSCI6550 Artificial Intelligence/Final/CSCI6550-FP/Content/Maps/world.umap" 578
"../../../Engine/Content/Maps/Entry_BuiltData.uasset" 579
"../../../Engine/Content/Maps/Entry_BuiltData.uexp" 580
"../../../Engine/Content/Maps/Entry.uexp" 581
"../../../Engine/Content/Maps/Entry.umap" 582
